Started GET "/" for 127.0.0.1 at 2018-10-25 15:58:55 +0700
Processing by Rails::WelcomeController#index as HTML
  Rendering /var/lib/gems/2.3.0/gems/railties-5.2.1/lib/rails/templates/rails/welcome/index.html.erb
  Rendered /var/lib/gems/2.3.0/gems/railties-5.2.1/lib/rails/templates/rails/welcome/index.html.erb (5.5ms)
Completed 200 OK in 22ms (Views: 13.3ms | ActiveRecord: 0.0ms)


Started GET "/home" for 127.0.0.1 at 2018-10-25 15:58:59 +0700
Processing by PagesController#home as HTML
  Rendering pages/home.html.erb within layouts/application
  Rendered pages/home.html.erb within layouts/application (0.7ms)
Completed 200 OK in 726ms (Views: 724.4ms | ActiveRecord: 0.0ms)


Started GET "/home" for 127.0.0.1 at 2018-10-25 16:45:03 +0700
Processing by PagesController#home as HTML
  Rendering pages/home.html.erb within layouts/application
  Rendered pages/home.html.erb within layouts/application (1.5ms)
Completed 500 Internal Server Error in 255ms (ActiveRecord: 0.0ms)


  
ActionView::Template::Error (couldn't find file 'jquery' with type 'text/css'
Checked in these paths: 
  /home/paul/GO/workspace/app/assets/config
  /home/paul/GO/workspace/app/assets/images
  /home/paul/GO/workspace/app/assets/javascripts
  /home/paul/GO/workspace/app/assets/stylesheets
  /var/lib/gems/2.3.0/gems/coffee-rails-4.2.2/lib/assets/javascripts
  /var/lib/gems/2.3.0/gems/jquery-rails-4.3.3/vendor/assets/javascripts
  /var/lib/gems/2.3.0/gems/actioncable-5.2.1/lib/assets/compiled
  /var/lib/gems/2.3.0/gems/activestorage-5.2.1/app/assets/javascripts
  /var/lib/gems/2.3.0/gems/actionview-5.2.1/lib/assets/compiled
  /var/lib/gems/2.3.0/gems/turbolinks-source-5.2.0/lib/assets/javascripts
  /home/paul/GO/workspace/node_modules
  /var/lib/gems/2.3.0/gems/bootstrap-sass-3.3.7/assets/stylesheets
  /var/lib/gems/2.3.0/gems/bootstrap-sass-3.3.7/assets/javascripts
  /var/lib/gems/2.3.0/gems/bootstrap-sass-3.3.7/assets/fonts
  /var/lib/gems/2.3.0/gems/bootstrap-sass-3.3.7/assets/images):
     5:     <%= csrf_meta_tags %>
     6:     <%= csp_meta_tag %>
     7: 
     8:     <%= stylesheet_link_tag    'application', media: 'all', 'data-turbolinks-track': 'reload' %>
     9:     <%= javascript_include_tag 'application', 'data-turbolinks-track': 'reload' %>
    10:   </head>
    11: 
  
app/assets/stylesheets/application.css:13
app/views/layouts/application.html.erb:8:in `_app_views_layouts_application_html_erb___588040874906723273_37501980'
Started GET "/home" for 127.0.0.1 at 2018-10-25 16:46:28 +0700
Processing by PagesController#home as HTML
  Rendering pages/home.html.erb within layouts/application
  Rendered pages/home.html.erb within layouts/application (0.5ms)
Completed 500 Internal Server Error in 324ms (ActiveRecord: 0.0ms)


  
ActionView::Template::Error (Autoprefixer doesn’t support Node v4.2.6. Update it.):
     5:     <%= csrf_meta_tags %>
     6:     <%= csp_meta_tag %>
     7: 
     8:     <%= stylesheet_link_tag    'application', media: 'all', 'data-turbolinks-track': 'reload' %>
     9:     <%= javascript_include_tag 'application', 'data-turbolinks-track': 'reload' %>
    10:   </head>
    11: 
  
app/views/layouts/application.html.erb:8:in `_app_views_layouts_application_html_erb___588040874906723273_69839165556820'
Started GET "/home" for 127.0.0.1 at 2018-10-25 16:46:48 +0700
Processing by PagesController#home as HTML
  Rendering pages/home.html.erb within layouts/application
  Rendered pages/home.html.erb within layouts/application (0.4ms)
Completed 500 Internal Server Error in 315ms (ActiveRecord: 0.0ms)


  
ActionView::Template::Error (Autoprefixer doesn’t support Node v4.2.6. Update it.):
     5:     <%= csrf_meta_tags %>
     6:     <%= csp_meta_tag %>
     7: 
     8:     <%= stylesheet_link_tag    'application', media: 'all', 'data-turbolinks-track': 'reload' %>
     9:     <%= javascript_include_tag 'application', 'data-turbolinks-track': 'reload' %>
    10:   </head>
    11: 
  
app/views/layouts/application.html.erb:8:in `_app_views_layouts_application_html_erb___588040874906723273_69839176868720'
Started GET "/home" for 127.0.0.1 at 2018-10-25 17:05:39 +0700
Processing by PagesController#home as HTML
  Rendering pages/home.html.erb within layouts/application
  Rendered pages/home.html.erb within layouts/application (0.7ms)
Completed 500 Internal Server Error in 560ms (ActiveRecord: 0.0ms)


  
ActionView::Template::Error (Autoprefixer doesn’t support Node v4.2.6. Update it.):
     5:     <%= csrf_meta_tags %>
     6:     <%= csp_meta_tag %>
     7: 
     8:     <%= stylesheet_link_tag    'application', media: 'all', 'data-turbolinks-track': 'reload' %>
     9:     <%= javascript_include_tag 'application', 'data-turbolinks-track': 'reload' %>
    10:   </head>
    11: 
  
app/views/layouts/application.html.erb:8:in `_app_views_layouts_application_html_erb__370593809097637383_31425980'
Started GET "/home" for 127.0.0.1 at 2018-10-25 17:05:41 +0700
Processing by PagesController#home as HTML
  Rendering pages/home.html.erb within layouts/application
  Rendered pages/home.html.erb within layouts/application (0.3ms)
Completed 500 Internal Server Error in 303ms (ActiveRecord: 0.0ms)


  
ActionView::Template::Error (Autoprefixer doesn’t support Node v4.2.6. Update it.):
     5:     <%= csrf_meta_tags %>
     6:     <%= csp_meta_tag %>
     7: 
     8:     <%= stylesheet_link_tag    'application', media: 'all', 'data-turbolinks-track': 'reload' %>
     9:     <%= javascript_include_tag 'application', 'data-turbolinks-track': 'reload' %>
    10:   </head>
    11: 
  
app/views/layouts/application.html.erb:8:in `_app_views_layouts_application_html_erb__370593809097637383_70163610279060'
Started GET "/home" for 127.0.0.1 at 2018-10-25 17:07:56 +0700
Processing by PagesController#home as HTML
  Rendering pages/home.html.erb within layouts/application
  Rendered pages/home.html.erb within layouts/application (0.6ms)
Completed 500 Internal Server Error in 264ms (ActiveRecord: 0.0ms)


  
ActionView::Template::Error (Invalid CSS after "$light-orage": expected selector or at-rule, was ": #ff8c00"):
     5:     <%= csrf_meta_tags %>
     6:     <%= csp_meta_tag %>
     7: 
     8:     <%= stylesheet_link_tag    'application', media: 'all', 'data-turbolinks-track': 'reload' %>
     9:     <%= javascript_include_tag 'application', 'data-turbolinks-track': 'reload' %>
    10:   </head>
    11: 
  
app/assets/stylesheets/custom.css.scss:2
app/views/layouts/application.html.erb:8:in `_app_views_layouts_application_html_erb__310610785751815593_43123280'
Started GET "/home" for 127.0.0.1 at 2018-10-25 17:08:08 +0700
Processing by PagesController#home as HTML
  Rendering pages/home.html.erb within layouts/application
  Rendered pages/home.html.erb within layouts/application (0.4ms)
Completed 500 Internal Server Error in 14ms (ActiveRecord: 0.0ms)


  
ActionView::Template::Error (Invalid CSS after "$light-orage": expected selector or at-rule, was ": #ff8c00"):
     5:     <%= csrf_meta_tags %>
     6:     <%= csp_meta_tag %>
     7: 
     8:     <%= stylesheet_link_tag    'application', media: 'all', 'data-turbolinks-track': 'reload' %>
     9:     <%= javascript_include_tag 'application', 'data-turbolinks-track': 'reload' %>
    10:   </head>
    11: 
  
app/assets/stylesheets/custom.css.scss:2
app/views/layouts/application.html.erb:8:in `_app_views_layouts_application_html_erb__310610785751815593_69961302664220'
Started GET "/home" for 127.0.0.1 at 2018-10-25 17:08:09 +0700
Processing by PagesController#home as HTML
  Rendering pages/home.html.erb within layouts/application
  Rendered pages/home.html.erb within layouts/application (0.5ms)
Completed 500 Internal Server Error in 19ms (ActiveRecord: 0.0ms)


  
ActionView::Template::Error (Invalid CSS after "$light-orage": expected selector or at-rule, was ": #ff8c00"):
     5:     <%= csrf_meta_tags %>
     6:     <%= csp_meta_tag %>
     7: 
     8:     <%= stylesheet_link_tag    'application', media: 'all', 'data-turbolinks-track': 'reload' %>
     9:     <%= javascript_include_tag 'application', 'data-turbolinks-track': 'reload' %>
    10:   </head>
    11: 
  
app/assets/stylesheets/custom.css.scss:2
app/views/layouts/application.html.erb:8:in `_app_views_layouts_application_html_erb__310610785751815593_69961308900440'
Started GET "/home" for 127.0.0.1 at 2018-10-25 17:09:07 +0700
Processing by PagesController#home as HTML
  Rendering pages/home.html.erb within layouts/application
  Rendered pages/home.html.erb within layouts/application (0.5ms)
Completed 500 Internal Server Error in 15ms (ActiveRecord: 0.0ms)


  
ActionView::Template::Error (Invalid CSS after "$light-orage": expected selector or at-rule, was ": #ff8c00;"):
     5:     <%= csrf_meta_tags %>
     6:     <%= csp_meta_tag %>
     7: 
     8:     <%= stylesheet_link_tag    'application', media: 'all', 'data-turbolinks-track': 'reload' %>
     9:     <%= javascript_include_tag 'application', 'data-turbolinks-track': 'reload' %>
    10:   </head>
    11: 
  
app/assets/stylesheets/custom.css.scss:2
app/views/layouts/application.html.erb:8:in `_app_views_layouts_application_html_erb__310610785751815593_69961304858880'
Started GET "/home" for 127.0.0.1 at 2018-10-25 17:09:08 +0700
Processing by PagesController#home as HTML
  Rendering pages/home.html.erb within layouts/application
  Rendered pages/home.html.erb within layouts/application (0.3ms)
Completed 500 Internal Server Error in 12ms (ActiveRecord: 0.0ms)


  
ActionView::Template::Error (Invalid CSS after "$light-orage": expected selector or at-rule, was ": #ff8c00;"):
     5:     <%= csrf_meta_tags %>
     6:     <%= csp_meta_tag %>
     7: 
     8:     <%= stylesheet_link_tag    'application', media: 'all', 'data-turbolinks-track': 'reload' %>
     9:     <%= javascript_include_tag 'application', 'data-turbolinks-track': 'reload' %>
    10:   </head>
    11: 
  
app/assets/stylesheets/custom.css.scss:2
app/views/layouts/application.html.erb:8:in `_app_views_layouts_application_html_erb__310610785751815593_69961306162700'
Started GET "/home" for 127.0.0.1 at 2018-10-25 17:09:09 +0700
Processing by PagesController#home as HTML
  Rendering pages/home.html.erb within layouts/application
  Rendered pages/home.html.erb within layouts/application (0.4ms)
Completed 500 Internal Server Error in 10ms (ActiveRecord: 0.0ms)


  
ActionView::Template::Error (Invalid CSS after "$light-orage": expected selector or at-rule, was ": #ff8c00;"):
     5:     <%= csrf_meta_tags %>
     6:     <%= csp_meta_tag %>
     7: 
     8:     <%= stylesheet_link_tag    'application', media: 'all', 'data-turbolinks-track': 'reload' %>
     9:     <%= javascript_include_tag 'application', 'data-turbolinks-track': 'reload' %>
    10:   </head>
    11: 
  
app/assets/stylesheets/custom.css.scss:2
app/views/layouts/application.html.erb:8:in `_app_views_layouts_application_html_erb__310610785751815593_69961306109100'
Started GET "/home" for 127.0.0.1 at 2018-10-25 17:09:09 +0700
Processing by PagesController#home as HTML
  Rendering pages/home.html.erb within layouts/application
  Rendered pages/home.html.erb within layouts/application (0.5ms)
Completed 500 Internal Server Error in 16ms (ActiveRecord: 0.0ms)


  
ActionView::Template::Error (Invalid CSS after "$light-orage": expected selector or at-rule, was ": #ff8c00;"):
     5:     <%= csrf_meta_tags %>
     6:     <%= csp_meta_tag %>
     7: 
     8:     <%= stylesheet_link_tag    'application', media: 'all', 'data-turbolinks-track': 'reload' %>
     9:     <%= javascript_include_tag 'application', 'data-turbolinks-track': 'reload' %>
    10:   </head>
    11: 
  
app/assets/stylesheets/custom.css.scss:2
app/views/layouts/application.html.erb:8:in `_app_views_layouts_application_html_erb__310610785751815593_69961306020200'
Started GET "/home" for 127.0.0.1 at 2018-10-25 17:09:31 +0700
Processing by PagesController#home as HTML
  Rendering pages/home.html.erb within layouts/application
  Rendered pages/home.html.erb within layouts/application (0.4ms)
Completed 500 Internal Server Error in 16ms (ActiveRecord: 0.0ms)


  
ActionView::Template::Error (Invalid CSS after "...r-default-color": expected selector or at-rule, was ": $light-orange"):
     5:     <%= csrf_meta_tags %>
     6:     <%= csp_meta_tag %>
     7: 
     8:     <%= stylesheet_link_tag    'application', media: 'all', 'data-turbolinks-track': 'reload' %>
     9:     <%= javascript_include_tag 'application', 'data-turbolinks-track': 'reload' %>
    10:   </head>
    11: 
  
app/assets/stylesheets/custom.css.scss:2
app/views/layouts/application.html.erb:8:in `_app_views_layouts_application_html_erb__310610785751815593_69961305333800'
Started GET "/home" for 127.0.0.1 at 2018-10-25 17:09:32 +0700
Processing by PagesController#home as HTML
  Rendering pages/home.html.erb within layouts/application
  Rendered pages/home.html.erb within layouts/application (0.3ms)
Completed 500 Internal Server Error in 9ms (ActiveRecord: 0.0ms)


  
ActionView::Template::Error (Invalid CSS after "...r-default-color": expected selector or at-rule, was ": $light-orange"):
     5:     <%= csrf_meta_tags %>
     6:     <%= csp_meta_tag %>
     7: 
     8:     <%= stylesheet_link_tag    'application', media: 'all', 'data-turbolinks-track': 'reload' %>
     9:     <%= javascript_include_tag 'application', 'data-turbolinks-track': 'reload' %>
    10:   </head>
    11: 
  
app/assets/stylesheets/custom.css.scss:2
app/views/layouts/application.html.erb:8:in `_app_views_layouts_application_html_erb__310610785751815593_69961303669580'
Started GET "/home" for 127.0.0.1 at 2018-10-25 17:09:41 +0700
Processing by PagesController#home as HTML
  Rendering pages/home.html.erb within layouts/application
  Rendered pages/home.html.erb within layouts/application (0.7ms)
Completed 500 Internal Server Error in 17ms (ActiveRecord: 0.0ms)


  
ActionView::Template::Error (Invalid CSS after "...trap-sprockets"": expected selector or at-rule, was "@import "bootst..."):
     5:     <%= csrf_meta_tags %>
     6:     <%= csp_meta_tag %>
     7: 
     8:     <%= stylesheet_link_tag    'application', media: 'all', 'data-turbolinks-track': 'reload' %>
     9:     <%= javascript_include_tag 'application', 'data-turbolinks-track': 'reload' %>
    10:   </head>
    11: 
  
app/assets/stylesheets/custom.css.scss:4
app/views/layouts/application.html.erb:8:in `_app_views_layouts_application_html_erb__310610785751815593_69961302412580'
Started GET "/home" for 127.0.0.1 at 2018-10-25 17:09:43 +0700
Processing by PagesController#home as HTML
  Rendering pages/home.html.erb within layouts/application
  Rendered pages/home.html.erb within layouts/application (0.4ms)
Completed 500 Internal Server Error in 10ms (ActiveRecord: 0.0ms)


  
ActionView::Template::Error (Invalid CSS after "...trap-sprockets"": expected selector or at-rule, was "@import "bootst..."):
     5:     <%= csrf_meta_tags %>
     6:     <%= csp_meta_tag %>
     7: 
     8:     <%= stylesheet_link_tag    'application', media: 'all', 'data-turbolinks-track': 'reload' %>
     9:     <%= javascript_include_tag 'application', 'data-turbolinks-track': 'reload' %>
    10:   </head>
    11: 
  
app/assets/stylesheets/custom.css.scss:4
app/views/layouts/application.html.erb:8:in `_app_views_layouts_application_html_erb__310610785751815593_43661900'
Started GET "/home" for 127.0.0.1 at 2018-10-25 17:21:36 +0700
Processing by PagesController#home as HTML
  Rendering pages/home.html.erb within layouts/application
  Rendered pages/home.html.erb within layouts/application (1.0ms)
Completed 500 Internal Server Error in 326ms (ActiveRecord: 0.0ms)


  
ActionView::Template::Error (Invalid CSS after "$light-orage": expected selector or at-rule, was ": #ff8c00;"):
     5:     <%= csrf_meta_tags %>
     6:     <%= csp_meta_tag %>
     7: 
     8:     <%= stylesheet_link_tag    'application', media: 'all', 'data-turbolinks-track': 'reload' %>
     9:     <%= javascript_include_tag 'application', 'data-turbolinks-track': 'reload' %>
    10:   </head>
    11: 
  
app/assets/stylesheets/custom.css.scss:2
app/views/layouts/application.html.erb:8:in `_app_views_layouts_application_html_erb__1772834117012922873_36866040'
Started GET "/home" for 127.0.0.1 at 2018-10-25 17:21:37 +0700
Processing by PagesController#home as HTML
  Rendering pages/home.html.erb within layouts/application
  Rendered pages/home.html.erb within layouts/application (0.4ms)
Completed 500 Internal Server Error in 10ms (ActiveRecord: 0.0ms)


  
ActionView::Template::Error (Invalid CSS after "$light-orage": expected selector or at-rule, was ": #ff8c00;"):
     5:     <%= csrf_meta_tags %>
     6:     <%= csp_meta_tag %>
     7: 
     8:     <%= stylesheet_link_tag    'application', media: 'all', 'data-turbolinks-track': 'reload' %>
     9:     <%= javascript_include_tag 'application', 'data-turbolinks-track': 'reload' %>
    10:   </head>
    11: 
  
app/assets/stylesheets/custom.css.scss:2
app/views/layouts/application.html.erb:8:in `_app_views_layouts_application_html_erb__1772834117012922873_69883355774760'
Started GET "/home" for 127.0.0.1 at 2018-10-25 17:21:38 +0700
Processing by PagesController#home as HTML
  Rendering pages/home.html.erb within layouts/application
  Rendered pages/home.html.erb within layouts/application (0.4ms)
Completed 500 Internal Server Error in 14ms (ActiveRecord: 0.0ms)


  
ActionView::Template::Error (Invalid CSS after "$light-orage": expected selector or at-rule, was ": #ff8c00;"):
     5:     <%= csrf_meta_tags %>
     6:     <%= csp_meta_tag %>
     7: 
     8:     <%= stylesheet_link_tag    'application', media: 'all', 'data-turbolinks-track': 'reload' %>
     9:     <%= javascript_include_tag 'application', 'data-turbolinks-track': 'reload' %>
    10:   </head>
    11: 
  
app/assets/stylesheets/custom.css.scss:2
app/views/layouts/application.html.erb:8:in `_app_views_layouts_application_html_erb__1772834117012922873_69883362109600'
Started GET "/home" for 127.0.0.1 at 2018-10-25 17:28:12 +0700
Processing by PagesController#home as HTML
  Rendering pages/home.html.erb within layouts/application
  Rendered pages/home.html.erb within layouts/application (0.3ms)
Completed 500 Internal Server Error in 19ms (ActiveRecord: 0.0ms)


  
ActionView::Template::Error (Invalid CSS after "...trap-sprockets"": expected selector or at-rule, was "@import "bootst..."):
     5:     <%= csrf_meta_tags %>
     6:     <%= csp_meta_tag %>
     7: 
     8:     <%= stylesheet_link_tag    'application', media: 'all', 'data-turbolinks-track': 'reload' %>
     9:     <%= javascript_include_tag 'application', 'data-turbolinks-track': 'reload' %>
    10:   </head>
    11: 
  
app/assets/stylesheets/custom.css.scss:7
app/views/layouts/application.html.erb:8:in `_app_views_layouts_application_html_erb__1772834117012922873_69883357401780'
Started GET "/home" for 127.0.0.1 at 2018-10-25 17:28:13 +0700
Processing by PagesController#home as HTML
  Rendering pages/home.html.erb within layouts/application
  Rendered pages/home.html.erb within layouts/application (0.8ms)
Completed 500 Internal Server Error in 14ms (ActiveRecord: 0.0ms)


  
ActionView::Template::Error (Invalid CSS after "...trap-sprockets"": expected selector or at-rule, was "@import "bootst..."):
     5:     <%= csrf_meta_tags %>
     6:     <%= csp_meta_tag %>
     7: 
     8:     <%= stylesheet_link_tag    'application', media: 'all', 'data-turbolinks-track': 'reload' %>
     9:     <%= javascript_include_tag 'application', 'data-turbolinks-track': 'reload' %>
    10:   </head>
    11: 
  
app/assets/stylesheets/custom.css.scss:7
app/views/layouts/application.html.erb:8:in `_app_views_layouts_application_html_erb__1772834117012922873_69883358550860'
Started GET "/home" for 127.0.0.1 at 2018-10-25 17:28:14 +0700
Processing by PagesController#home as HTML
  Rendering pages/home.html.erb within layouts/application
  Rendered pages/home.html.erb within layouts/application (0.4ms)
Completed 500 Internal Server Error in 17ms (ActiveRecord: 0.0ms)


  
ActionView::Template::Error (Invalid CSS after "...trap-sprockets"": expected selector or at-rule, was "@import "bootst..."):
     5:     <%= csrf_meta_tags %>
     6:     <%= csp_meta_tag %>
     7: 
     8:     <%= stylesheet_link_tag    'application', media: 'all', 'data-turbolinks-track': 'reload' %>
     9:     <%= javascript_include_tag 'application', 'data-turbolinks-track': 'reload' %>
    10:   </head>
    11: 
  
app/assets/stylesheets/custom.css.scss:7
app/views/layouts/application.html.erb:8:in `_app_views_layouts_application_html_erb__1772834117012922873_69883358458640'
Started GET "/home" for 127.0.0.1 at 2018-10-25 17:29:43 +0700
Processing by PagesController#home as HTML
  Rendering pages/home.html.erb within layouts/application
  Rendered pages/home.html.erb within layouts/application (0.5ms)
Completed 500 Internal Server Error in 21ms (ActiveRecord: 0.0ms)


  
ActionView::Template::Error (Undefined variable: "$light-orange".):
     5:     <%= csrf_meta_tags %>
     6:     <%= csp_meta_tag %>
     7: 
     8:     <%= stylesheet_link_tag    'application', media: 'all', 'data-turbolinks-track': 'reload' %>
     9:     <%= javascript_include_tag 'application', 'data-turbolinks-track': 'reload' %>
    10:   </head>
    11: 
  
app/assets/stylesheets/custom.css.scss:3
app/views/layouts/application.html.erb:8:in `_app_views_layouts_application_html_erb__1772834117012922873_69883358070840'
Started GET "/home" for 127.0.0.1 at 2018-10-25 17:29:46 +0700
Processing by PagesController#home as HTML
  Rendering pages/home.html.erb within layouts/application
  Rendered pages/home.html.erb within layouts/application (0.4ms)
Completed 500 Internal Server Error in 14ms (ActiveRecord: 0.0ms)


  
ActionView::Template::Error (Undefined variable: "$light-orange".):
     5:     <%= csrf_meta_tags %>
     6:     <%= csp_meta_tag %>
     7: 
     8:     <%= stylesheet_link_tag    'application', media: 'all', 'data-turbolinks-track': 'reload' %>
     9:     <%= javascript_include_tag 'application', 'data-turbolinks-track': 'reload' %>
    10:   </head>
    11: 
  
app/assets/stylesheets/custom.css.scss:3
app/views/layouts/application.html.erb:8:in `_app_views_layouts_application_html_erb__1772834117012922873_69883366566200'
Started GET "/home" for 127.0.0.1 at 2018-10-25 17:30:05 +0700
Processing by PagesController#home as HTML
  Rendering pages/home.html.erb within layouts/application
  Rendered pages/home.html.erb within layouts/application (0.9ms)
Completed 200 OK in 4650ms (Views: 4648.5ms | ActiveRecord: 0.0ms)


Started GET "/" for 127.0.0.1 at 2018-10-25 17:43:11 +0700
Processing by Rails::WelcomeController#index as HTML
  Rendering /var/lib/gems/2.3.0/gems/railties-5.2.1/lib/rails/templates/rails/welcome/index.html.erb
  Rendered /var/lib/gems/2.3.0/gems/railties-5.2.1/lib/rails/templates/rails/welcome/index.html.erb (3.6ms)
Completed 200 OK in 8ms (Views: 4.9ms | ActiveRecord: 0.0ms)


Started GET "/home" for 127.0.0.1 at 2018-10-25 17:43:14 +0700
Processing by PagesController#home as HTML
  Rendering pages/home.html.erb within layouts/application
  Rendered pages/home.html.erb within layouts/application (0.5ms)
Completed 200 OK in 54ms (Views: 53.3ms | ActiveRecord: 0.0ms)


Started GET "/home" for 127.0.0.1 at 2018-10-25 17:43:16 +0700
Processing by PagesController#home as HTML
  Rendering pages/home.html.erb within layouts/application
  Rendered pages/home.html.erb within layouts/application (0.4ms)
Completed 200 OK in 52ms (Views: 50.4ms | ActiveRecord: 0.0ms)


Started GET "/home" for 127.0.0.1 at 2018-10-25 17:43:17 +0700
Processing by PagesController#home as HTML
  Rendering pages/home.html.erb within layouts/application
  Rendered pages/home.html.erb within layouts/application (0.4ms)
Completed 200 OK in 38ms (Views: 36.7ms | ActiveRecord: 0.0ms)


Started GET "/home" for 127.0.0.1 at 2018-10-25 17:43:17 +0700
Processing by PagesController#home as HTML
  Rendering pages/home.html.erb within layouts/application
  Rendered pages/home.html.erb within layouts/application (0.5ms)
Completed 200 OK in 40ms (Views: 38.4ms | ActiveRecord: 0.0ms)


Started GET "/home" for 127.0.0.1 at 2018-10-25 17:43:18 +0700
Processing by PagesController#home as HTML
  Rendering pages/home.html.erb within layouts/application
  Rendered pages/home.html.erb within layouts/application (0.7ms)
Completed 200 OK in 52ms (Views: 50.5ms | ActiveRecord: 0.0ms)


Started GET "/home" for 127.0.0.1 at 2018-10-25 17:50:59 +0700
Processing by PagesController#home as HTML
  Rendering pages/home.html.erb within layouts/application
  Rendered pages/home.html.erb within layouts/application (0.6ms)
Completed 500 Internal Server Error in 28ms (ActiveRecord: 0.0ms)


  
ActionView::Template::Error (Invalid CSS after "  }": expected selector or at-rule, was "}"):
     5:     <%= csrf_meta_tags %>
     6:     <%= csp_meta_tag %>
     7: 
     8:     <%= stylesheet_link_tag    'application', media: 'all', 'data-turbolinks-track': 'reload' %>
     9:     <%= javascript_include_tag 'application', 'data-turbolinks-track': 'reload' %>
    10:   </head>
    11: 
  
app/assets/stylesheets/custom.css.scss:26
app/views/layouts/application.html.erb:8:in `_app_views_layouts_application_html_erb__1772834117012922873_69883463100900'
Started GET "/home" for 127.0.0.1 at 2018-10-25 17:50:59 +0700
Processing by PagesController#home as HTML
  Rendering pages/home.html.erb within layouts/application
  Rendered pages/home.html.erb within layouts/application (0.5ms)
Completed 500 Internal Server Error in 27ms (ActiveRecord: 0.0ms)


  
ActionView::Template::Error (Invalid CSS after "  }": expected selector or at-rule, was "}"):
     5:     <%= csrf_meta_tags %>
     6:     <%= csp_meta_tag %>
     7: 
     8:     <%= stylesheet_link_tag    'application', media: 'all', 'data-turbolinks-track': 'reload' %>
     9:     <%= javascript_include_tag 'application', 'data-turbolinks-track': 'reload' %>
    10:   </head>
    11: 
  
app/assets/stylesheets/custom.css.scss:26
app/views/layouts/application.html.erb:8:in `_app_views_layouts_application_html_erb__1772834117012922873_69883367156860'
Started GET "/home" for 127.0.0.1 at 2018-10-25 17:51:06 +0700
Processing by PagesController#home as HTML
  Rendering pages/home.html.erb within layouts/application
  Rendered pages/home.html.erb within layouts/application (0.6ms)
Completed 500 Internal Server Error in 30ms (ActiveRecord: 0.0ms)


  
ActionView::Template::Error (Invalid CSS after "}": expected selector or at-rule, was "}"):
     5:     <%= csrf_meta_tags %>
     6:     <%= csp_meta_tag %>
     7: 
     8:     <%= stylesheet_link_tag    'application', media: 'all', 'data-turbolinks-track': 'reload' %>
     9:     <%= javascript_include_tag 'application', 'data-turbolinks-track': 'reload' %>
    10:   </head>
    11: 
  
app/assets/stylesheets/custom.css.scss:26
app/views/layouts/application.html.erb:8:in `_app_views_layouts_application_html_erb__1772834117012922873_69883455356120'
Started GET "/home" for 127.0.0.1 at 2018-10-25 17:51:07 +0700
Processing by PagesController#home as HTML
  Rendering pages/home.html.erb within layouts/application
  Rendered pages/home.html.erb within layouts/application (0.4ms)
Completed 500 Internal Server Error in 26ms (ActiveRecord: 0.0ms)


  
ActionView::Template::Error (Invalid CSS after "}": expected selector or at-rule, was "}"):
     5:     <%= csrf_meta_tags %>
     6:     <%= csp_meta_tag %>
     7: 
     8:     <%= stylesheet_link_tag    'application', media: 'all', 'data-turbolinks-track': 'reload' %>
     9:     <%= javascript_include_tag 'application', 'data-turbolinks-track': 'reload' %>
    10:   </head>
    11: 
  
app/assets/stylesheets/custom.css.scss:26
app/views/layouts/application.html.erb:8:in `_app_views_layouts_application_html_erb__1772834117012922873_69883473584180'
Started GET "/home" for 127.0.0.1 at 2018-10-25 17:51:16 +0700
Processing by PagesController#home as HTML
  Rendering pages/home.html.erb within layouts/application
  Rendered pages/home.html.erb within layouts/application (0.4ms)
Completed 200 OK in 1792ms (Views: 1788.6ms | ActiveRecord: 0.0ms)


Started GET "/home" for 127.0.0.1 at 2018-10-25 17:51:20 +0700
Processing by PagesController#home as HTML
  Rendering pages/home.html.erb within layouts/application
  Rendered pages/home.html.erb within layouts/application (0.5ms)
Completed 200 OK in 40ms (Views: 36.9ms | ActiveRecord: 0.0ms)


Started GET "/home" for 127.0.0.1 at 2018-10-25 17:51:20 +0700
Processing by PagesController#home as HTML
  Rendering pages/home.html.erb within layouts/application
  Rendered pages/home.html.erb within layouts/application (0.7ms)
Completed 200 OK in 62ms (Views: 59.5ms | ActiveRecord: 0.0ms)


Started GET "/home" for 127.0.0.1 at 2018-10-25 17:51:21 +0700
Processing by PagesController#home as HTML
  Rendering pages/home.html.erb within layouts/application
  Rendered pages/home.html.erb within layouts/application (0.7ms)
Completed 200 OK in 51ms (Views: 48.6ms | ActiveRecord: 0.0ms)


Started GET "/home" for 127.0.0.1 at 2018-10-25 17:51:21 +0700
Processing by PagesController#home as HTML
  Rendering pages/home.html.erb within layouts/application
  Rendered pages/home.html.erb within layouts/application (0.6ms)
Completed 200 OK in 48ms (Views: 46.1ms | ActiveRecord: 0.0ms)


Started GET "/home" for 127.0.0.1 at 2018-10-25 17:52:48 +0700
Processing by PagesController#home as HTML
  Rendering pages/home.html.erb within layouts/application
  Rendered pages/home.html.erb within layouts/application (0.3ms)
Completed 200 OK in 1751ms (Views: 1750.1ms | ActiveRecord: 0.0ms)


Started GET "/home" for 127.0.0.1 at 2018-10-25 17:52:50 +0700
Processing by PagesController#home as HTML
  Rendering pages/home.html.erb within layouts/application
  Rendered pages/home.html.erb within layouts/application (0.5ms)
Completed 200 OK in 43ms (Views: 40.1ms | ActiveRecord: 0.0ms)


Started GET "/home" for 127.0.0.1 at 2018-10-25 17:53:20 +0700
Processing by PagesController#home as HTML
  Rendering pages/home.html.erb within layouts/application
  Rendered pages/home.html.erb within layouts/application (0.3ms)
Completed 200 OK in 40ms (Views: 37.7ms | ActiveRecord: 0.0ms)


Started GET "/home" for 127.0.0.1 at 2018-10-25 17:53:20 +0700
Processing by PagesController#home as HTML
  Rendering pages/home.html.erb within layouts/application
  Rendered pages/home.html.erb within layouts/application (0.5ms)
Completed 200 OK in 39ms (Views: 36.9ms | ActiveRecord: 0.0ms)


Started GET "/home" for 127.0.0.1 at 2018-10-25 17:53:20 +0700
Processing by PagesController#home as HTML
  Rendering pages/home.html.erb within layouts/application
  Rendered pages/home.html.erb within layouts/application (0.4ms)
Completed 200 OK in 39ms (Views: 36.4ms | ActiveRecord: 0.0ms)


Started GET "/home" for 127.0.0.1 at 2018-10-25 17:53:20 +0700
Processing by PagesController#home as HTML
  Rendering pages/home.html.erb within layouts/application
  Rendered pages/home.html.erb within layouts/application (0.3ms)
Completed 200 OK in 36ms (Views: 35.0ms | ActiveRecord: 0.0ms)


Started GET "/home" for 127.0.0.1 at 2018-10-25 17:53:21 +0700
Processing by PagesController#home as HTML
  Rendering pages/home.html.erb within layouts/application
  Rendered pages/home.html.erb within layouts/application (0.3ms)
Completed 200 OK in 35ms (Views: 33.9ms | ActiveRecord: 0.0ms)


Started GET "/home" for 127.0.0.1 at 2018-10-25 17:53:26 +0700
Processing by PagesController#home as HTML
  Rendering pages/home.html.erb within layouts/application
  Rendered pages/home.html.erb within layouts/application (0.5ms)
Started GET "/home" for 127.0.0.1 at 2018-10-25 17:53:28 +0700
Processing by PagesController#home as HTML
  Rendering pages/home.html.erb within layouts/application
  Rendered pages/home.html.erb within layouts/application (0.5ms)
Completed 200 OK in 2683ms (Views: 2681.0ms | ActiveRecord: 0.0ms)


Completed 200 OK in 2182ms (Views: 2041.8ms | ActiveRecord: 0.0ms)


Started GET "/home" for 127.0.0.1 at 2018-10-25 17:53:33 +0700
Processing by PagesController#home as HTML
  Rendering pages/home.html.erb within layouts/application
  Rendered pages/home.html.erb within layouts/application (0.5ms)
Completed 200 OK in 1931ms (Views: 1929.0ms | ActiveRecord: 0.0ms)


Started GET "/home" for 127.0.0.1 at 2018-10-25 17:53:45 +0700
Processing by PagesController#home as HTML
  Rendering pages/home.html.erb within layouts/application
  Rendered pages/home.html.erb within layouts/application (0.6ms)
Completed 200 OK in 1697ms (Views: 1695.6ms | ActiveRecord: 0.0ms)


Started GET "/home" for 127.0.0.1 at 2018-10-25 17:54:23 +0700
Processing by PagesController#home as HTML
  Rendering pages/home.html.erb within layouts/application
  Rendered pages/home.html.erb within layouts/application (0.7ms)
Completed 200 OK in 44ms (Views: 39.2ms | ActiveRecord: 0.0ms)


Started GET "/home" for 127.0.0.1 at 2018-10-25 17:54:47 +0700
Processing by PagesController#home as HTML
  Rendering pages/home.html.erb within layouts/application
  Rendered pages/home.html.erb within layouts/application (0.5ms)
Completed 200 OK in 44ms (Views: 34.7ms | ActiveRecord: 0.0ms)


Started GET "/home" for 127.0.0.1 at 2018-10-25 17:54:47 +0700
Processing by PagesController#home as HTML
  Rendering pages/home.html.erb within layouts/application
  Rendered pages/home.html.erb within layouts/application (0.4ms)
Completed 200 OK in 41ms (Views: 39.8ms | ActiveRecord: 0.0ms)


Started GET "/home" for 127.0.0.1 at 2018-10-25 17:54:47 +0700
Processing by PagesController#home as HTML
  Rendering pages/home.html.erb within layouts/application
  Rendered pages/home.html.erb within layouts/application (0.5ms)
Completed 200 OK in 38ms (Views: 34.9ms | ActiveRecord: 0.0ms)


Started GET "/home" for 127.0.0.1 at 2018-10-25 17:54:47 +0700
Processing by PagesController#home as HTML
  Rendering pages/home.html.erb within layouts/application
  Rendered pages/home.html.erb within layouts/application (0.5ms)
Completed 200 OK in 36ms (Views: 33.4ms | ActiveRecord: 0.0ms)


Started GET "/home" for 127.0.0.1 at 2018-10-25 17:54:48 +0700
Processing by PagesController#home as HTML
  Rendering pages/home.html.erb within layouts/application
  Rendered pages/home.html.erb within layouts/application (0.5ms)
Completed 200 OK in 48ms (Views: 46.2ms | ActiveRecord: 0.0ms)


Started GET "/home" for 127.0.0.1 at 2018-10-25 17:56:39 +0700
Processing by PagesController#home as HTML
  Rendering pages/home.html.erb within layouts/application
  Rendered pages/home.html.erb within layouts/application (0.6ms)
Started GET "/home" for 127.0.0.1 at 2018-10-25 17:56:41 +0700
Processing by PagesController#home as HTML
  Rendering pages/home.html.erb within layouts/application
  Rendered pages/home.html.erb within layouts/application (0.4ms)
Completed 200 OK in 2279ms (Views: 2276.6ms | ActiveRecord: 0.0ms)


Completed 200 OK in 1959ms (Views: 1946.0ms | ActiveRecord: 0.0ms)


Started GET "/home" for 127.0.0.1 at 2018-10-25 17:59:07 +0700
Processing by PagesController#home as HTML
  Rendering pages/home.html.erb within layouts/application
  Rendered pages/home.html.erb within layouts/application (0.6ms)
Completed 500 Internal Server Error in 34ms (ActiveRecord: 0.0ms)


  
ActionView::Template::Error (Invalid CSS after "  margin-top": expected ";", was ":20px;"):
     5:     <%= csrf_meta_tags %>
     6:     <%= csp_meta_tag %>
     7: 
     8:     <%= stylesheet_link_tag    'application', media: 'all', 'data-turbolinks-track': 'reload' %>
     9:     <%= javascript_include_tag 'application', 'data-turbolinks-track': 'reload' %>
    10:   </head>
    11: 
  
app/assets/stylesheets/custom.css.scss:34
app/views/layouts/application.html.erb:8:in `_app_views_layouts_application_html_erb__1772834117012922873_69883362503880'
Started GET "/home" for 127.0.0.1 at 2018-10-25 17:59:15 +0700
Processing by PagesController#home as HTML
  Rendering pages/home.html.erb within layouts/application
  Rendered pages/home.html.erb within layouts/application (0.4ms)
Completed 500 Internal Server Error in 40ms (ActiveRecord: 0.0ms)


  
ActionView::Template::Error (Invalid CSS after "  margin-top": expected ";", was ":20px ;"):
     5:     <%= csrf_meta_tags %>
     6:     <%= csp_meta_tag %>
     7: 
     8:     <%= stylesheet_link_tag    'application', media: 'all', 'data-turbolinks-track': 'reload' %>
     9:     <%= javascript_include_tag 'application', 'data-turbolinks-track': 'reload' %>
    10:   </head>
    11: 
  
app/assets/stylesheets/custom.css.scss:34
app/views/layouts/application.html.erb:8:in `_app_views_layouts_application_html_erb__1772834117012922873_69883367319780'
Started GET "/home" for 127.0.0.1 at 2018-10-25 17:59:33 +0700
Processing by PagesController#home as HTML
  Rendering pages/home.html.erb within layouts/application
  Rendered pages/home.html.erb within layouts/application (0.4ms)
Completed 500 Internal Server Error in 35ms (ActiveRecord: 0.0ms)


  
ActionView::Template::Error (Invalid CSS after "  margin-top": expected ";", was ": 20px ;"):
     5:     <%= csrf_meta_tags %>
     6:     <%= csp_meta_tag %>
     7: 
     8:     <%= stylesheet_link_tag    'application', media: 'all', 'data-turbolinks-track': 'reload' %>
     9:     <%= javascript_include_tag 'application', 'data-turbolinks-track': 'reload' %>
    10:   </head>
    11: 
  
app/assets/stylesheets/custom.css.scss:34
app/views/layouts/application.html.erb:8:in `_app_views_layouts_application_html_erb__1772834117012922873_69883461403120'
Started GET "/home" for 127.0.0.1 at 2018-10-25 17:59:40 +0700
Processing by PagesController#home as HTML
  Rendering pages/home.html.erb within layouts/application
  Rendered pages/home.html.erb within layouts/application (0.3ms)
Completed 200 OK in 1696ms (Views: 1693.7ms | ActiveRecord: 0.0ms)


Started GET "/home" for 127.0.0.1 at 2018-10-25 18:00:12 +0700
Processing by PagesController#home as HTML
  Rendering pages/home.html.erb within layouts/application
  Rendered pages/home.html.erb within layouts/application (0.5ms)
Completed 200 OK in 39ms (Views: 35.6ms | ActiveRecord: 0.0ms)


Started GET "/home" for 127.0.0.1 at 2018-10-25 18:00:13 +0700
Processing by PagesController#home as HTML
  Rendering pages/home.html.erb within layouts/application
  Rendered pages/home.html.erb within layouts/application (0.4ms)
Completed 200 OK in 42ms (Views: 35.5ms | ActiveRecord: 0.0ms)


Started GET "/home" for 127.0.0.1 at 2018-10-25 18:00:13 +0700
Processing by PagesController#home as HTML
  Rendering pages/home.html.erb within layouts/application
  Rendered pages/home.html.erb within layouts/application (0.8ms)
Completed 200 OK in 39ms (Views: 37.9ms | ActiveRecord: 0.0ms)


Started GET "/home" for 127.0.0.1 at 2018-10-25 18:00:13 +0700
Processing by PagesController#home as HTML
  Rendering pages/home.html.erb within layouts/application
  Rendered pages/home.html.erb within layouts/application (0.5ms)
Completed 200 OK in 36ms (Views: 34.1ms | ActiveRecord: 0.0ms)


Started GET "/home" for 127.0.0.1 at 2018-10-25 18:00:14 +0700
Processing by PagesController#home as HTML
  Rendering pages/home.html.erb within layouts/application
  Rendered pages/home.html.erb within layouts/application (0.6ms)
Completed 200 OK in 39ms (Views: 38.2ms | ActiveRecord: 0.0ms)


Started GET "/home" for 127.0.0.1 at 2018-10-25 18:00:14 +0700
Processing by PagesController#home as HTML
  Rendering pages/home.html.erb within layouts/application
  Rendered pages/home.html.erb within layouts/application (0.5ms)
Completed 200 OK in 36ms (Views: 34.9ms | ActiveRecord: 0.0ms)


Started GET "/home" for 127.0.0.1 at 2018-10-25 18:00:14 +0700
Processing by PagesController#home as HTML
  Rendering pages/home.html.erb within layouts/application
  Rendered pages/home.html.erb within layouts/application (0.4ms)
Completed 200 OK in 37ms (Views: 36.1ms | ActiveRecord: 0.0ms)


Started GET "/home" for 127.0.0.1 at 2018-10-25 18:00:14 +0700
Processing by PagesController#home as HTML
  Rendering pages/home.html.erb within layouts/application
  Rendered pages/home.html.erb within layouts/application (0.7ms)
Completed 200 OK in 39ms (Views: 37.5ms | ActiveRecord: 0.0ms)


Started GET "/home" for 127.0.0.1 at 2018-10-25 18:00:58 +0700
Processing by PagesController#home as HTML
  Rendering pages/home.html.erb within layouts/application
  Rendered pages/home.html.erb within layouts/application (0.5ms)
Started GET "/home" for 127.0.0.1 at 2018-10-25 18:00:59 +0700
Processing by PagesController#home as HTML
  Rendering pages/home.html.erb within layouts/application
  Rendered pages/home.html.erb within layouts/application (0.3ms)
Completed 200 OK in 2892ms (Views: 2890.9ms | ActiveRecord: 0.0ms)


Completed 200 OK in 2052ms (Views: 2049.5ms | ActiveRecord: 0.0ms)


Started GET "/home" for 127.0.0.1 at 2018-10-25 18:03:45 +0700
Processing by PagesController#home as HTML
  Rendering pages/home.html.erb within layouts/application
  Rendered pages/home.html.erb within layouts/application (0.6ms)
Completed 200 OK in 39ms (Views: 37.3ms | ActiveRecord: 0.0ms)


Started GET "/home" for 127.0.0.1 at 2018-10-25 18:03:45 +0700
Processing by PagesController#home as HTML
  Rendering pages/home.html.erb within layouts/application
  Rendered pages/home.html.erb within layouts/application (0.4ms)
Completed 200 OK in 39ms (Views: 37.8ms | ActiveRecord: 0.0ms)


Started GET "/home" for 127.0.0.1 at 2018-10-25 18:03:45 +0700
Processing by PagesController#home as HTML
  Rendering pages/home.html.erb within layouts/application
  Rendered pages/home.html.erb within layouts/application (0.8ms)
Completed 200 OK in 38ms (Views: 36.0ms | ActiveRecord: 0.0ms)


Started GET "/home" for 127.0.0.1 at 2018-10-25 18:03:45 +0700
Processing by PagesController#home as HTML
  Rendering pages/home.html.erb within layouts/application
  Rendered pages/home.html.erb within layouts/application (0.5ms)
Completed 200 OK in 37ms (Views: 35.6ms | ActiveRecord: 0.0ms)


Started GET "/home" for 127.0.0.1 at 2018-10-25 18:03:46 +0700
Processing by PagesController#home as HTML
  Rendering pages/home.html.erb within layouts/application
  Rendered pages/home.html.erb within layouts/application (0.4ms)
Completed 200 OK in 40ms (Views: 37.6ms | ActiveRecord: 0.0ms)


Started GET "/home" for 127.0.0.1 at 2018-10-25 18:03:46 +0700
Processing by PagesController#home as HTML
  Rendering pages/home.html.erb within layouts/application
  Rendered pages/home.html.erb within layouts/application (0.6ms)
Completed 200 OK in 37ms (Views: 35.6ms | ActiveRecord: 0.0ms)


Started GET "/" for 127.0.0.1 at 2018-10-26 09:07:35 +0700
Processing by Rails::WelcomeController#index as HTML
  Rendering /var/lib/gems/2.3.0/gems/railties-5.2.1/lib/rails/templates/rails/welcome/index.html.erb
  Rendered /var/lib/gems/2.3.0/gems/railties-5.2.1/lib/rails/templates/rails/welcome/index.html.erb (6.8ms)
Completed 200 OK in 21ms (Views: 11.0ms | ActiveRecord: 0.0ms)


Started GET "/home" for 127.0.0.1 at 2018-10-26 09:07:44 +0700
Processing by PagesController#home as HTML
  Rendering pages/home.html.erb within layouts/application
  Rendered pages/home.html.erb within layouts/application (0.6ms)
Completed 200 OK in 357ms (Views: 356.1ms | ActiveRecord: 0.0ms)


Started GET "/home" for 127.0.0.1 at 2018-10-26 09:11:32 +0700
Processing by PagesController#home as HTML
  Rendering pages/home.html.erb within layouts/application
  Rendered pages/home.html.erb within layouts/application (0.9ms)
Completed 200 OK in 69ms (Views: 68.4ms | ActiveRecord: 0.0ms)


Started GET "/home" for 127.0.0.1 at 2018-10-26 09:15:31 +0700
Processing by PagesController#home as HTML
  Rendering pages/home.html.erb within layouts/application
  Rendered pages/home.html.erb within layouts/application (1.0ms)
Completed 200 OK in 43ms (Views: 41.1ms | ActiveRecord: 0.0ms)


Started GET "/home" for 127.0.0.1 at 2018-10-26 09:20:13 +0700
Processing by PagesController#home as HTML
  Rendering pages/home.html.erb within layouts/application
  Rendered pages/home.html.erb within layouts/application (0.5ms)
Completed 200 OK in 1722ms (Views: 1717.4ms | ActiveRecord: 0.0ms)


Started GET "/home" for 127.0.0.1 at 2018-10-26 09:22:36 +0700
Processing by PagesController#home as HTML
  Rendering pages/home.html.erb within layouts/application
  Rendered pages/home.html.erb within layouts/application (0.7ms)
Completed 200 OK in 1765ms (Views: 1764.3ms | ActiveRecord: 0.0ms)


Started GET "/home" for 127.0.0.1 at 2018-10-26 09:29:04 +0700
Processing by PagesController#home as HTML
  Rendering pages/home.html.erb within layouts/application
  Rendered pages/home.html.erb within layouts/application (0.7ms)
Completed 200 OK in 52ms (Views: 49.8ms | ActiveRecord: 0.0ms)


Started GET "/home" for 127.0.0.1 at 2018-10-26 09:30:56 +0700
Processing by PagesController#home as HTML
  Rendering pages/home.html.erb within layouts/application
  Rendered pages/home.html.erb within layouts/application (0.7ms)
Completed 200 OK in 50ms (Views: 47.9ms | ActiveRecord: 0.0ms)


Started GET "/home" for 127.0.0.1 at 2018-10-26 09:31:34 +0700
Processing by PagesController#home as HTML
  Rendering pages/home.html.erb within layouts/application
  Rendered pages/home.html.erb within layouts/application (1.6ms)
Completed 200 OK in 48ms (Views: 46.4ms | ActiveRecord: 0.0ms)


Started GET "/home" for 127.0.0.1 at 2018-10-26 09:33:46 +0700
Processing by PagesController#home as HTML
  Rendering pages/home.html.erb within layouts/application
  Rendered pages/home.html.erb within layouts/application (0.6ms)
Completed 200 OK in 1798ms (Views: 1796.7ms | ActiveRecord: 0.0ms)


Started GET "/home" for 127.0.0.1 at 2018-10-26 09:33:50 +0700
Processing by PagesController#home as HTML
  Rendering pages/home.html.erb within layouts/application
  Rendered pages/home.html.erb within layouts/application (0.9ms)
Completed 200 OK in 39ms (Views: 36.9ms | ActiveRecord: 0.0ms)


Started GET "/home" for 127.0.0.1 at 2018-10-26 09:33:50 +0700
Processing by PagesController#home as HTML
  Rendering pages/home.html.erb within layouts/application
  Rendered pages/home.html.erb within layouts/application (1.6ms)
Completed 200 OK in 36ms (Views: 35.1ms | ActiveRecord: 0.0ms)


Started GET "/home" for 127.0.0.1 at 2018-10-26 09:33:50 +0700
Processing by PagesController#home as HTML
  Rendering pages/home.html.erb within layouts/application
  Rendered pages/home.html.erb within layouts/application (0.7ms)
Completed 200 OK in 36ms (Views: 34.1ms | ActiveRecord: 0.0ms)


Started GET "/home" for 127.0.0.1 at 2018-10-26 09:34:01 +0700
Processing by PagesController#home as HTML
  Rendering pages/home.html.erb within layouts/application
  Rendered pages/home.html.erb within layouts/application (0.7ms)
Completed 200 OK in 1776ms (Views: 1773.4ms | ActiveRecord: 0.0ms)


Started GET "/home" for 127.0.0.1 at 2018-10-26 09:34:06 +0700
Processing by PagesController#home as HTML
  Rendering pages/home.html.erb within layouts/application
  Rendered pages/home.html.erb within layouts/application (0.6ms)
Completed 200 OK in 37ms (Views: 33.5ms | ActiveRecord: 0.0ms)


Started GET "/home" for 127.0.0.1 at 2018-10-26 09:34:15 +0700
Processing by PagesController#home as HTML
  Rendering pages/home.html.erb within layouts/application
  Rendered pages/home.html.erb within layouts/application (1.1ms)
Completed 200 OK in 53ms (Views: 50.2ms | ActiveRecord: 0.0ms)


Started GET "/home" for 127.0.0.1 at 2018-10-26 09:36:34 +0700
Processing by PagesController#home as HTML
  Rendering pages/home.html.erb within layouts/application
  Rendered pages/home.html.erb within layouts/application (0.8ms)
Completed 200 OK in 51ms (Views: 47.4ms | ActiveRecord: 0.0ms)


Started GET "/home" for 127.0.0.1 at 2018-10-26 09:38:56 +0700
Processing by PagesController#home as HTML
  Rendering pages/home.html.erb within layouts/application
  Rendered pages/home.html.erb within layouts/application (0.6ms)
Completed 200 OK in 1859ms (Views: 1856.5ms | ActiveRecord: 0.0ms)


Started GET "/home" for 127.0.0.1 at 2018-10-26 09:39:35 +0700
Processing by PagesController#home as HTML
  Rendering pages/home.html.erb within layouts/application
  Rendered pages/home.html.erb within layouts/application (1.3ms)
Completed 200 OK in 1918ms (Views: 1914.5ms | ActiveRecord: 0.0ms)


